09/12/15 18:01:51 : unsupported attribute fill-rule (epoc32\build\s60\icons\temp\s4kk.tmp\._qgn_fr_sctrl_sk_button_corner_tl.svg)
09/12/15 18:01:51 : unsupported attribute fill-rule (epoc32\build\s60\icons\temp\s4kk.tmp\._qgn_fr_sctrl_sk_button_corner_tr.svg)
09/12/15 18:01:51 : unsupported attribute fill-rule (epoc32\build\s60\icons\temp\s4kk.tmp\._qgn_fr_sctrl_sk_button_corner_bl.svg)
09/12/15 18:01:51 : unsupported attribute fill-rule (epoc32\build\s60\icons\temp\s4kk.tmp\._qgn_fr_sctrl_sk_button_corner_br.svg)
09/12/15 18:01:51 : unsupported attribute fill-rule (epoc32\build\s60\icons\temp\s4kk.tmp\._qgn_fr_sctrl_sk_button_side_t.svg)
09/12/15 18:01:52 : unsupported attribute fill-rule (epoc32\build\s60\icons\temp\s4kk.tmp\._qgn_fr_sctrl_sk_button_side_b.svg)
09/12/15 18:01:52 : unsupported attribute fill-rule (epoc32\build\s60\icons\temp\s4kk.tmp\._qgn_fr_sctrl_sk_button_side_l.svg)
09/12/15 18:01:52 : unsupported attribute fill-rule (epoc32\build\s60\icons\temp\s4kk.tmp\._qgn_fr_sctrl_sk_button_side_r.svg)
09/12/15 18:01:52 : unsupported attribute fill-rule (epoc32\build\s60\icons\temp\s4kk.tmp\._qgn_fr_sctrl_sk_button_center.svg)
09/12/15 18:01:54 : unsupported attribute fill-rule (epoc32\build\s60\icons\temp\s4kk.tmp\._qtg_sec_dialer_highlight.svg)
09/12/15 18:02:00 : unsupported attribute fill-rule (epoc32\build\s60\icons\temp\s4kk.tmp\._tsicon_microsoft_lync.svg)
09/12/15 18:02:07 : unsupported attribute display (epoc32\build\s60\icons\temp\s4kk.tmp\._tsicon_screensnap6391110718263.svg)
09/12/15 18:02:08 : unsupported attribute color (epoc32\build\s60\icons\temp\s4kk.tmp\._tsicon_assasin's_creed.svg)
09/12/15 18:02:11 : unsupported attribute color (epoc32\build\s60\icons\temp\s4kk.tmp\._qgn_prop_cp_perso_prof.svg)
09/12/15 18:02:11 : unsupported attribute color (epoc32\build\s60\icons\temp\s4kk.tmp\._qgn_prop_cp_perso_theme.svg)
09/12/15 18:02:11 : unsupported attribute color (epoc32\build\s60\icons\temp\s4kk.tmp\._qgn_prop_cp_dev.svg)
09/12/15 18:02:11 : unsupported attribute color (epoc32\build\s60\icons\temp\s4kk.tmp\._qgn_prop_cp_inst.svg)
09/12/15 18:02:12 : unsupported attribute color (epoc32\build\s60\icons\temp\s4kk.tmp\._qgn_prop_cp_tele.svg)
09/12/15 18:02:12 : unsupported attribute color (epoc32\build\s60\icons\temp\s4kk.tmp\._qgn_prop_cp_conn.svg)
09/12/15 18:02:12 : unsupported attribute color (epoc32\build\s60\icons\temp\s4kk.tmp\._qgn_prop_set_apps_sub.svg)
09/12/15 18:02:12 : unsupported attribute color (epoc32\build\s60\icons\temp\s4kk.tmp\._qgn_hscr_sec_locked.svg)
09/12/15 18:02:12 : unsupported attribute color (epoc32\build\s60\icons\temp\s4kk.tmp\._qgn_prop_psln_general_sub.svg)
09/12/15 18:02:12 : unsupported attribute color (epoc32\build\s60\icons\temp\s4kk.tmp\._qgn_prop_psln_ssaver_sub.svg)
09/12/15 18:02:12 : unsupported attribute color (epoc32\build\s60\icons\temp\s4kk.tmp\._qgn_prop_psln_cimage_sub.svg)
09/12/15 18:02:12 : unsupported attribute color (epoc32\build\s60\icons\temp\s4kk.tmp\._qgn_prop_set_datim_sub.svg)
09/12/15 18:02:12 : unsupported attribute color (epoc32\build\s60\icons\temp\s4kk.tmp\._qgn_prop_cp_hqtts.svg)
09/12/15 18:02:12 : unsupported attribute color (epoc32\build\s60\icons\temp\s4kk.tmp\._qgn_prop_cp_perso_lang.svg)
09/12/15 18:02:12 : unsupported attribute color (epoc32\build\s60\icons\temp\s4kk.tmp\._qgn_prop_cp_dev_disp.svg)
09/12/15 18:02:12 : unsupported attribute color (epoc32\build\s60\icons\temp\s4kk.tmp\._qgn_prop_cp_dev_vc.svg)
09/12/15 18:02:12 : unsupported attribute color (epoc32\build\s60\icons\temp\s4kk.tmp\._qgn_prop_set_gene_sensor.svg)
09/12/15 18:02:12 : unsupported attribute color (epoc32\build\s60\icons\temp\s4kk.tmp\._qgn_prop_cp_dev_pen.svg)
09/12/15 18:02:12 : unsupported attribute color (epoc32\build\s60\icons\temp\s4kk.tmp\._qgn_prop_set_accessory_sub.svg)
09/12/15 18:02:12 : unsupported attribute color (epoc32\build\s60\icons\temp\s4kk.tmp\._qgn_prop_cp_dev_man.svg)
09/12/15 18:02:12 : unsupported attribute color (epoc32\build\s60\icons\temp\s4kk.tmp\._qgn_prop_set_conn_data.svg)
09/12/15 18:02:12 : unsupported attribute color (epoc32\build\s60\icons\temp\s4kk.tmp\._qgn_prop_set_apps_anykey.svg)
09/12/15 18:02:12 : unsupported attribute color (epoc32\build\s60\icons\temp\s4kk.tmp\._qgn_prop_cp_inst_installs.svg)
09/12/15 18:02:12 : unsupported attribute color (epoc32\build\s60\icons\temp\s4kk.tmp\._qgn_prop_cp_inst_files.svg)
09/12/15 18:02:12 : unsupported attribute color (epoc32\build\s60\icons\temp\s4kk.tmp\._qgn_prop_cp_inst_settings.svg)
09/12/15 18:02:12 : unsupported attribute color (epoc32\build\s60\icons\temp\s4kk.tmp\._qgn_prop_set_conn_config.svg)
09/12/15 18:02:12 : unsupported attribute color (epoc32\build\s60\icons\temp\s4kk.tmp\._qgn_prop_set_div_sub.svg)
09/12/15 18:02:12 : unsupported attribute color (epoc32\build\s60\icons\temp\s4kk.tmp\._qgn_prop_set_barr_sub.svg)
09/12/15 18:02:13 : unsupported attribute color (epoc32\build\s60\icons\temp\s4kk.tmp\._qgn_prop_set_network_sub.svg)
09/12/15 18:02:13 : unsupported attribute color (epoc32\build\s60\icons\temp\s4kk.tmp\._qgn_prop_set_network_sub_offline.svg)
09/12/15 18:02:13 : unsupported attribute color (epoc32\build\s60\icons\temp\s4kk.tmp\._qgn_prop_set_apps_nfc_on.svg)
09/12/15 18:02:13 : unsupported attribute color (epoc32\build\s60\icons\temp\s4kk.tmp\._qgn_prop_set_apps_nfc_off.svg)
09/12/15 18:02:13 : unsupported attribute color (epoc32\build\s60\icons\temp\s4kk.tmp\._qgn_prop_set_conn_wlan_conn.svg)
09/12/15 18:02:13 : unsupported attribute color (epoc32\build\s60\icons\temp\s4kk.tmp\._qgn_prop_set_conn_wlan_off.svg)
09/12/15 18:02:13 : unsupported attribute color (epoc32\build\s60\icons\temp\s4kk.tmp\._qgn_prop_set_apps_bt_on_shown.svg)
09/12/15 18:02:13 : unsupported attribute color (epoc32\build\s60\icons\temp\s4kk.tmp\._qgn_prop_set_apps_bt_on_hidden.svg)
09/12/15 18:02:13 : unsupported attribute color (epoc32\build\s60\icons\temp\s4kk.tmp\._qgn_prop_set_apps_bt_off.svg)
09/12/15 18:02:13 : unsupported attribute color (epoc32\build\s60\icons\temp\s4kk.tmp\._qgn_prop_set_apps_bt_conn_shown.svg)
09/12/15 18:02:13 : unsupported attribute color (epoc32\build\s60\icons\temp\s4kk.tmp\._qgn_prop_set_apps_bt_conn_hidden.svg)
09/12/15 18:02:13 : unsupported attribute color (epoc32\build\s60\icons\temp\s4kk.tmp\._qgn_prop_set_apps_usb.svg)
09/12/15 18:02:13 : unsupported attribute color (epoc32\build\s60\icons\temp\s4kk.tmp\._qgn_prop_set_apps_usb_off.svg)
09/12/15 18:02:13 : unsupported attribute color (epoc32\build\s60\icons\temp\s4kk.tmp\._qgn_prop_cp_conn_admin.svg)
09/12/15 18:02:13 : unsupported attribute color (epoc32\build\s60\icons\temp\s4kk.tmp\._qgn_prop_hs_counter.svg)
09/12/15 18:02:13 : unsupported attribute color (epoc32\build\s60\icons\temp\s4kk.tmp\._qgn_prop_cp_conn_man.svg)
09/12/15 18:02:13 : unsupported attribute color (epoc32\build\s60\icons\temp\s4kk.tmp\._qgn_prop_cp_conn_datasync.svg)
09/12/15 18:02:13 : unsupported attribute color (epoc32\build\s60\icons\temp\s4kk.tmp\._qgn_prop_cp_conn_sync.svg)
09/12/15 18:02:13 : unsupported attribute color (epoc32\build\s60\icons\temp\s4kk.tmp\._qgn_prop_set_video_sharing.svg)
09/12/15 18:02:13 : unsupported attribute color (epoc32\build\s60\icons\temp\s4kk.tmp\._qgn_prop_set_conn_remotedrive.svg)
09/12/15 18:02:13 : unsupported attribute color (epoc32\build\s60\icons\temp\s4kk.tmp\._qgn_prop_cp_fmtx.svg)
09/12/15 18:02:13 : unsupported attribute fill-rule (epoc32\build\s60\icons\temp\s4kk.tmp\._qgn_prop_cp_dev_def.svg)
09/12/15 18:02:13 : unsupported attribute fill-rule (epoc32\build\s60\icons\temp\s4kk.tmp\._qgn_prop_set_apps_mce.svg)
09/12/15 18:02:13 : unsupported attribute fill-rule (epoc32\build\s60\icons\temp\s4kk.tmp\._qgn_prop_set_apps_mp.svg)
09/12/15 18:02:13 : unsupported attribute fill-rule (epoc32\build\s60\icons\temp\s4kk.tmp\._qgn_prop_set_apps_log.svg)
09/12/15 18:02:13 : unsupported attribute fill-rule (epoc32\build\s60\icons\temp\s4kk.tmp\._qgn_prop_set_gene_loc.svg)
09/12/15 18:02:13 : unsupported attribute fill-rule (epoc32\build\s60\icons\temp\s4kk.tmp\._tsicon_settings_list_maps_apps.svg)
09/12/15 18:02:13 : unsupported attribute fill-rule (epoc32\build\s60\icons\temp\s4kk.tmp\._qgn_prop_set_apps_voirec.svg)
09/12/15 18:02:13 : unsupported attribute fill-rule (epoc32\build\s60\icons\temp\s4kk.tmp\._qgn_prop_set_apps_cams.svg)
09/12/15 18:02:14 : unsupported attribute color (epoc32\build\s60\icons\temp\s4kk.tmp\._qgn_prop_set_apps_cale.svg)
09/12/15 18:02:14 : unsupported attribute fill-rule (epoc32\build\s60\icons\temp\s4kk.tmp\._qgn_prop_pb_comm_email.svg)
09/12/15 18:02:14 : unsupported attribute fill-rule (epoc32\build\s60\icons\temp\s4kk.tmp\._qgn_prop_set_device_sub.svg)
09/12/15 18:02:14 : unsupported attribute fill-rule (epoc32\build\s60\icons\temp\s4kk.tmp\._qgn_prop_folder_vc_general.svg)
09/12/15 18:02:14 : unsupported attribute color (epoc32\build\s60\icons\temp\s4kk.tmp\._qgn_prop_cp_dev_ps_activate.svg)
09/12/15 18:02:14 : unsupported attribute fill-rule (epoc32\build\s60\icons\temp\s4kk.tmp\._qgn_prop_set_sec_sub.svg)
09/12/15 18:02:14 : unsupported attribute color (epoc32\build\s60\icons\temp\s4kk.tmp\._qgn_prop_set_gene_phone.svg)
09/12/15 18:02:14 : unsupported attribute color (epoc32\build\s60\icons\temp\s4kk.tmp\._qgn_prop_cp_dev_update.svg)
09/12/15 18:02:14 : unsupported attribute color (epoc32\build\s60\icons\temp\s4kk.tmp\._qgn_prop_cp_dev_about.svg)
09/12/15 18:02:14 : unsupported attribute fill-rule (epoc32\build\s60\icons\temp\s4kk.tmp\._qgn_prop_set_cams_image_sub.svg)
09/12/15 18:02:14 : unsupported attribute color (epoc32\build\s60\icons\temp\s4kk.tmp\._qgn_prop_set_cams_video_sub.svg)
09/12/15 18:02:14 : unsupported attribute fill-rule (epoc32\build\s60\icons\temp\s4kk.tmp\._qgn_prop_add_to_favourites.svg)
09/12/15 18:02:14 : unsupported attribute fill-rule (epoc32\build\s60\icons\temp\s4kk.tmp\._qgn_prop_create_my_card.svg)
09/12/15 18:02:14 : unsupported attribute fill-rule (epoc32\build\s60\icons\temp\s4kk.tmp\._qgn_prop_default_contact.svg)
09/12/15 18:02:14 : unsupported attribute fill-rule (epoc32\build\s60\icons\temp\s4kk.tmp\._qgn_prop_group_medium.svg)
09/12/15 18:02:14 : unsupported attribute fill-rule (epoc32\build\s60\icons\temp\s4kk.tmp\._qgn_prop_group_large.svg)
09/12/15 18:02:14 : unsupported attribute fill-rule (epoc32\build\s60\icons\temp\s4kk.tmp\._qgn_prop_im_ibox.svg)
09/12/15 18:02:14 : unsupported attribute fill-rule (epoc32\build\s60\icons\temp\s4kk.tmp\._qgn_prop_im_ibox_new.svg)
09/12/15 18:02:14 : unsupported attribute fill-rule (epoc32\build\s60\icons\temp\s4kk.tmp\._qgn_prop_mce_documents_new_sub.svg)
09/12/15 18:02:14 : unsupported attribute fill-rule (epoc32\build\s60\icons\temp\s4kk.tmp\._qgn_prop_mce_documents_sub.svg)
09/12/15 18:02:14 : unsupported attribute fill-rule (epoc32\build\s60\icons\temp\s4kk.tmp\._qgn_prop_mce_dr_sub.svg)
09/12/15 18:02:15 : unsupported attribute fill-rule (epoc32\build\s60\icons\temp\s4kk.tmp\._qgn_prop_mce_drafts_sub.svg)
09/12/15 18:02:15 : unsupported attribute fill-rule (epoc32\build\s60\icons\temp\s4kk.tmp\._lay_ah_qgn_prop_mce_drafts_sub.svg)
09/12/15 18:02:15 : unsupported attribute fill-rule (epoc32\build\s60\icons\temp\s4kk.tmp\._qgn_prop_mce_inbox_new_sub.svg)
09/12/15 18:02:15 : unsupported attribute fill-rule (epoc32\build\s60\icons\temp\s4kk.tmp\._qgn_prop_mce_inbox_sub.svg)
09/12/15 18:02:15 : unsupported attribute fill-rule (epoc32\build\s60\icons\temp\s4kk.tmp\._qgn_prop_mce_outbox_sub.svg)
09/12/15 18:02:15 : unsupported attribute fill-rule (epoc32\build\s60\icons\temp\s4kk.tmp\._qgn_prop_mce_remote_new_sub.svg)
09/12/15 18:02:15 : unsupported attribute fill-rule (epoc32\build\s60\icons\temp\s4kk.tmp\._qgn_prop_mce_remote_sub.svg)
09/12/15 18:02:15 : unsupported attribute fill-rule (epoc32\build\s60\icons\temp\s4kk.tmp\._qgn_prop_mce_sent_sub.svg)
09/12/15 18:02:15 : unsupported attribute fill-rule (epoc32\build\s60\icons\temp\s4kk.tmp\._qgn_prop_mce_write_sub.svg)
09/12/15 18:02:16 : unsupported attribute fill-rule (epoc32\build\s60\icons\temp\s4kk.tmp\._qgn_prop_usb_memc_large.svg)
09/12/15 18:02:16 : unsupported attribute fill-rule (epoc32\build\s60\icons\temp\s4kk.tmp\._qgn_prop_usb_mtp.svg)
09/12/15 18:02:16 : unsupported attribute fill-rule (epoc32\build\s60\icons\temp\s4kk.tmp\._qgn_prop_usb_pcsuite.svg)
09/12/15 18:02:16 : unsupported attribute fill-rule (epoc32\build\s60\icons\temp\s4kk.tmp\._qgn_prop_usb_modem.svg)
09/12/15 18:02:17 : unsupported attribute fill-rule (epoc32\build\s60\icons\temp\s4kk.tmp\._qgn_indi_cdr_todo.svg)
09/12/15 18:02:17 : unsupported attribute fill-rule (epoc32\build\s60\icons\temp\s4kk.tmp\._qgn_indi_cmail_meet_req_checkbox_on.svg)
09/12/15 18:02:18 : unsupported attribute fill-rule (epoc32\build\s60\icons\temp\s4kk.tmp\._qgn_indi_cmail_meet_req_checkbox_off.svg)
09/12/15 18:02:19 : unsupported attribute color (epoc32\build\s60\icons\temp\s4kk.tmp\._qgn_indi_dialer_clear.svg)
09/12/15 18:02:19 : unsupported attribute fill-rule (epoc32\build\s60\icons\temp\s4kk.tmp\._qgn_indi_tp_dialler.svg)
09/12/15 18:02:20 : unsupported attribute color (epoc32\build\s60\icons\temp\s4kk.tmp\._qgn_indi_mce_tb_audio.svg)
09/12/15 18:02:20 : unsupported attribute color (epoc32\build\s60\icons\temp\s4kk.tmp\._qgn_indi_mce_tb_image.svg)
09/12/15 18:02:20 : unsupported attribute color (epoc32\build\s60\icons\temp\s4kk.tmp\._qgn_indi_mce_tb_other.svg)
09/12/15 18:02:20 : unsupported attribute color (epoc32\build\s60\icons\temp\s4kk.tmp\._qgn_indi_mce_tb_pres.svg)
09/12/15 18:02:20 : unsupported attribute color (epoc32\build\s60\icons\temp\s4kk.tmp\._qgn_indi_mce_tb_video.svg)
09/12/15 18:02:20 : unsupported attribute color (epoc32\build\s60\icons\temp\s4kk.tmp\._qgn_indi_mce_tb_text.svg)
09/12/15 18:02:20 : unsupported attribute color (epoc32\build\s60\icons\temp\s4kk.tmp\._qgn_indi_tb_microphone_unmute.svg)
09/12/15 18:02:20 : unsupported attribute color (epoc32\build\s60\icons\temp\s4kk.tmp\._qgn_indi_tb_camera.svg)
09/12/15 18:02:20 : unsupported attribute color (epoc32\build\s60\icons\temp\s4kk.tmp\._qgn_indi_tb_camcorder.svg)
09/12/15 18:02:20 : unsupported attribute color (epoc32\build\s60\icons\temp\s4kk.tmp\._qgn_indi_tb_business_card.svg)
09/12/15 18:02:20 : unsupported attribute color (epoc32\build\s60\icons\temp\s4kk.tmp\._qgn_indi_tb_template.svg)
09/12/15 18:02:21 : unsupported attribute color (epoc32\build\s60\icons\temp\s4kk.tmp\._qgn_indi_tb_slide.svg)
09/12/15 18:02:21 : unsupported attribute color (epoc32\build\s60\icons\temp\s4kk.tmp\._qgn_indi_tb_note.svg)
09/12/15 18:02:21 : unsupported attribute color (epoc32\build\s60\icons\temp\s4kk.tmp\._qgn_indi_cale_tb_week.svg)
09/12/15 18:02:21 : unsupported attribute color (epoc32\build\s60\icons\temp\s4kk.tmp\._qgn_indi_cale_tb_day.svg)
09/12/15 18:02:21 : unsupported attribute color (epoc32\build\s60\icons\temp\s4kk.tmp\._qgn_indi_cale_tb_month.svg)
09/12/15 18:02:21 : unsupported attribute color (epoc32\build\s60\icons\temp\s4kk.tmp\._qgn_indi_cale_tb_todo.svg)
09/12/15 18:02:21 : unsupported attribute fill-rule (epoc32\build\s60\icons\temp\s4kk.tmp\._qgn_indi_tb_dialler.svg)
09/12/15 18:02:21 : unsupported attribute color (epoc32\build\s60\icons\temp\s4kk.tmp\._qtg_toolbar_clear.svg)
09/12/15 18:02:22 : unsupported attribute color (epoc32\build\s60\icons\temp\s4kk.tmp\._qtg_toolbar_agenda.svg)
09/12/15 18:02:23 : unsupported attribute display (epoc32\build\s60\icons\temp\s4kk.tmp\._qgn_prop_email_drafts.svg)
09/12/15 18:02:23 : unsupported attribute color (epoc32\build\s60\icons\temp\s4kk.tmp\._qgn_prop_mup_artist.svg)
09/12/15 18:02:23 : unsupported attribute color (epoc32\build\s60\icons\temp\s4kk.tmp\._qgn_prop_mup_album.svg)
09/12/15 18:02:23 : unsupported attribute color (epoc32\build\s60\icons\temp\s4kk.tmp\._qgn_prop_mup_songs.svg)
09/12/15 18:02:23 : unsupported attribute color (epoc32\build\s60\icons\temp\s4kk.tmp\._qgn_prop_mup_playlist.svg)
09/12/15 18:02:23 : unsupported attribute color (epoc32\build\s60\icons\temp\s4kk.tmp\._qgn_prop_mup_genre.svg)
09/12/15 18:02:24 : unsupported attribute color (epoc32\build\s60\icons\temp\s4kk.tmp\._qtg_large_new_message.svg)
09/12/15 18:02:24 : unsupported attribute color (epoc32\build\s60\icons\temp\s4kk.tmp\._qtg_large_bluetooth.svg)
09/12/15 18:02:24 : unsupported attribute color (epoc32\build\s60\icons\temp\s4kk.tmp\._qgn_prop_cmon_wlan_avail.svg)
09/12/15 18:02:24 : unsupported attribute color (epoc32\build\s60\icons\temp\s4kk.tmp\._qgn_prop_netw_shared_conn.svg)
09/12/15 18:02:24 : unsupported attribute color (epoc32\build\s60\icons\temp\s4kk.tmp\._qtg_alarm_clock.svg)
09/12/15 18:02:24 : unsupported attribute color (epoc32\build\s60\icons\temp\s4kk.tmp\._qtg_large_missed_calendar_alarm.svg)
09/12/15 18:02:24 : unsupported attribute color (epoc32\build\s60\icons\temp\s4kk.tmp\._qgn_indi_cdr_date_alarm.svg)
09/12/15 18:02:24 : unsupported attribute color (epoc32\build\s60\icons\temp\s4kk.tmp\._qtg_large_missed_call.svg)
09/12/15 18:02:24 : unsupported attribute color (epoc32\build\s60\icons\temp\s4kk.tmp\._qgn_indi_statusbar_music_player.svg)
09/12/15 18:02:24 : unsupported attribute color (epoc32\build\s60\icons\temp\s4kk.tmp\._qgn_statusbar_usb.svg)
09/12/15 18:02:24 : unsupported attribute color (epoc32\build\s60\icons\temp\s4kk.tmp\._qgn_statusbar_sw_update.svg)
09/12/15 18:02:32 : unsupported attribute fill-rule (epoc32\build\s60\icons\temp\s4kk.tmp\._qgn_indi_app_open.svg)
09/12/15 18:02:32 : unsupported attribute color (epoc32\build\s60\icons\temp\s4kk.tmp\._qgn_indi_calendar_event.svg)
09/12/15 18:02:32 : unsupported attribute color (epoc32\build\s60\icons\temp\s4kk.tmp\._qgn_prop_alarm_indicator.svg)
09/12/15 18:02:32 : unsupported attribute fill-rule (epoc32\build\s60\icons\temp\s4kk.tmp\._open_app_close.svg)
09/12/15 18:02:33 : unsupported attribute fill-rule (epoc32\build\s60\icons\temp\s4kk.tmp\._open_app_close_pressed.svg)
09/12/15 18:02:33 : unsupported attribute fill-rule (epoc32\build\s60\icons\temp\s4kk.tmp\._open_app_close_fp1.svg)
09/12/15 18:02:33 : unsupported attribute fill-rule (epoc32\build\s60\icons\temp\s4kk.tmp\._open_app_close_pressed_fp1.svg)
09/12/15 18:02:33 : unsupported attribute fill-rule (epoc32\build\s60\icons\temp\s4kk.tmp\._widget_close.svg)
09/12/15 18:02:33 : unsupported attribute fill-rule (epoc32\build\s60\icons\temp\s4kk.tmp\._widget_close_pressed.svg)
09/12/15 18:02:33 : unsupported attribute display (epoc32\build\s60\icons\temp\s4kk.tmp\._qgn_home_bg_widget_br.svg)
09/12/15 18:02:34 : unsupported attribute display (epoc32\build\s60\icons\temp\s4kk.tmp\._qsn_fr_home_br.svg)
09/12/15 18:02:34 : unsupported attribute color (epoc32\build\s60\icons\temp\s4kk.tmp\._qtg_graf_panel_switch_audio_on.svg)
09/12/15 18:02:34 : unsupported attribute color (epoc32\build\s60\icons\temp\s4kk.tmp\._qtg_graf_panel_switch_audio_off.svg)
09/12/15 18:02:34 : unsupported attribute color (epoc32\build\s60\icons\temp\s4kk.tmp\._qtg_graf_panel_switch_wlan_on.svg)
09/12/15 18:02:34 : unsupported attribute color (epoc32\build\s60\icons\temp\s4kk.tmp\._qtg_graf_panel_switch_wlan_off.svg)
09/12/15 18:02:34 : unsupported attribute fill-rule (epoc32\build\s60\icons\temp\s4kk.tmp\._qsn_home_clock_analogue_face.svg)
09/12/15 18:02:34 : unsupported attribute fill-rule (epoc32\build\s60\icons\temp\s4kk.tmp\._qsn_cp_clock_analogue_face_1.svg)
09/12/15 18:02:35 : unsupported attribute color (epoc32\build\s60\icons\temp\s4kk.tmp\._qgn_indi_calc_three.svg)
09/12/15 18:02:36 : unsupported attribute color (epoc32\build\s60\icons\temp\s4kk.tmp\._qgn_indi_calc_four.svg)
09/12/15 18:02:36 : unsupported attribute color (epoc32\build\s60\icons\temp\s4kk.tmp\._qgn_indi_calc_five.svg)
09/12/15 18:02:36 : unsupported attribute color (epoc32\build\s60\icons\temp\s4kk.tmp\._qgn_indi_calc_six.svg)
09/12/15 18:02:36 : unsupported attribute color (epoc32\build\s60\icons\temp\s4kk.tmp\._qgn_indi_calc_seven.svg)
09/12/15 18:02:36 : unsupported attribute color (epoc32\build\s60\icons\temp\s4kk.tmp\._qgn_indi_calc_eight.svg)
09/12/15 18:02:36 : unsupported attribute color (epoc32\build\s60\icons\temp\s4kk.tmp\._qgn_indi_calc_nine.svg)
09/12/15 18:02:36 : unsupported attribute color (epoc32\build\s60\icons\temp\s4kk.tmp\._qgn_indi_calc_equals.svg)
09/12/15 18:02:36 : unsupported attribute color (epoc32\build\s60\icons\temp\s4kk.tmp\._qgn_indi_calc_zero.svg)
09/12/15 18:02:36 : unsupported attribute color (epoc32\build\s60\icons\temp\s4kk.tmp\._qgn_indi_calc_divide.svg)
09/12/15 18:02:36 : unsupported attribute color (epoc32\build\s60\icons\temp\s4kk.tmp\._qgn_indi_calc_cancel.svg)
09/12/15 18:02:36 : unsupported attribute color (epoc32\build\s60\icons\temp\s4kk.tmp\._qgn_indi_calc_add.svg)
09/12/15 18:02:36 : unsupported attribute color (epoc32\build\s60\icons\temp\s4kk.tmp\._qgn_indi_calc_subtract.svg)
09/12/15 18:02:36 : unsupported attribute color (epoc32\build\s60\icons\temp\s4kk.tmp\._qgn_indi_calc_squareroot.svg)
09/12/15 18:02:36 : unsupported attribute color (epoc32\build\s60\icons\temp\s4kk.tmp\._qgn_indi_calc_sign.svg)
09/12/15 18:02:36 : unsupported attribute color (epoc32\build\s60\icons\temp\s4kk.tmp\._qgn_indi_calc_percent.svg)
09/12/15 18:02:36 : unsupported attribute color (epoc32\build\s60\icons\temp\s4kk.tmp\._qgn_indi_calc_clear.svg)
09/12/15 18:02:37 : unsupported attribute fill-rule (epoc32\build\s60\icons\temp\s4kk.tmp\._qgn_prop_refresh_mp_press.svg)
09/12/15 18:02:40 : unsupported attribute color (epoc32\build\s60\icons\temp\s4kk.tmp\._qgn_graf_quick_three.svg)
09/12/15 18:02:41 : unsupported attribute color (epoc32\build\s60\icons\temp\s4kk.tmp\._qgn_graf_quick_four.svg)
09/12/15 18:02:41 : unsupported attribute color (epoc32\build\s60\icons\temp\s4kk.tmp\._qgn_graf_quick_five.svg)
09/12/15 18:02:41 : unsupported attribute color (epoc32\build\s60\icons\temp\s4kk.tmp\._qgn_graf_quick_six.svg)
09/12/15 18:02:41 : unsupported attribute color (epoc32\build\s60\icons\temp\s4kk.tmp\._qgn_graf_quick_seven.svg)
09/12/15 18:02:41 : unsupported attribute color (epoc32\build\s60\icons\temp\s4kk.tmp\._qgn_graf_quick_eight.svg)
09/12/15 18:02:41 : unsupported attribute color (epoc32\build\s60\icons\temp\s4kk.tmp\._qgn_graf_quick_nine.svg)
